info: ✅ Connected to stock_market database. {"timestamp":"2025-11-19T16:33:47.181Z"}
info: ✅ stock_market database synced. {"timestamp":"2025-11-19T16:33:47.745Z"}
info: ✅ Connected to bhavcopy database. {"timestamp":"2025-11-19T16:33:47.779Z"}
info: ✅ bhavcopy database synced. {"timestamp":"2025-11-19T16:33:47.950Z"}
info: ✅ Connected to screener_data database. {"timestamp":"2025-11-19T16:33:47.969Z"}
info: ✅ screener_data database synced. {"timestamp":"2025-11-19T16:33:48.168Z"}
info: ✅ Connected to third_db database. {"timestamp":"2025-11-19T16:33:48.208Z"}
info: ✅ third_db database synced. {"timestamp":"2025-11-19T16:33:48.248Z"}
info: ✅ Connected to ipo_data_fastapi database. {"timestamp":"2025-11-19T16:33:48.282Z"}
info: ✅ ipo_data_fastapi database synced. {"timestamp":"2025-11-19T16:33:48.332Z"}
info: ✅ Connected to bse_data database. {"timestamp":"2025-11-19T16:33:48.363Z"}
info: ✅ bse_data database synced. {"timestamp":"2025-11-19T16:33:48.396Z"}
info: 🚀 Server running on http://localhost:8000/vap/ {"timestamp":"2025-11-19T16:33:48.414Z"}
error: 
    status - 500 
    message - Error: 
    at Query.run (E:\Desktop_copy\Projects\vap\vap-be\backend\node_modules\sequelize\src\dialects\mysql\query.js:46:25)
    at E:\Desktop_copy\Projects\vap\vap-be\backend\node_modules\sequelize\src\sequelize.js:650:28
    at processTicksAndRejections (node:internal/process/task_queues:95:5)
    at MySQLQueryInterface.select (E:\Desktop_copy\Projects\vap\vap-be\backend\node_modules\sequelize\src\dialects\abstract\query-interface.js:1001:12)
    at Function.findAll (E:\Desktop_copy\Projects\vap\vap-be\backend\node_modules\sequelize\src\model.js:1824:21)
    at async Promise.all (index 1)
    at Function.findAndCountAll (E:\Desktop_copy\Projects\vap\vap-be\backend\node_modules\sequelize\src\model.js:2183:27) 
    url - /vap/company-data/listed-companies 
    method - GET 
    IP - ::1
   {"timestamp":"2025-11-19T16:40:23.319Z"}
error: 
    status - 500 
    message - Error: 
    at Query.run (E:\Desktop_copy\Projects\vap\vap-be\backend\node_modules\sequelize\src\dialects\mysql\query.js:46:25)
    at E:\Desktop_copy\Projects\vap\vap-be\backend\node_modules\sequelize\src\sequelize.js:650:28
    at processTicksAndRejections (node:internal/process/task_queues:95:5)
    at MySQLQueryInterface.select (E:\Desktop_copy\Projects\vap\vap-be\backend\node_modules\sequelize\src\dialects\abstract\query-interface.js:1001:12)
    at Function.findAll (E:\Desktop_copy\Projects\vap\vap-be\backend\node_modules\sequelize\src\model.js:1824:21)
    at async Promise.all (index 1)
    at Function.findAndCountAll (E:\Desktop_copy\Projects\vap\vap-be\backend\node_modules\sequelize\src\model.js:2183:27) 
    url - /vap/company-data/listed-companies?page=1&limit=10 
    method - GET 
    IP - ::1
   {"timestamp":"2025-11-19T16:40:23.422Z"}
error: 
    status - 500 
    message - Error: 
    at Query.run (E:\Desktop_copy\Projects\vap\vap-be\backend\node_modules\sequelize\src\dialects\mysql\query.js:46:25)
    at E:\Desktop_copy\Projects\vap\vap-be\backend\node_modules\sequelize\src\sequelize.js:650:28
    at processTicksAndRejections (node:internal/process/task_queues:95:5)
    at MySQLQueryInterface.select (E:\Desktop_copy\Projects\vap\vap-be\backend\node_modules\sequelize\src\dialects\abstract\query-interface.js:1001:12)
    at Function.findAll (E:\Desktop_copy\Projects\vap\vap-be\backend\node_modules\sequelize\src\model.js:1824:21)
    at async Promise.all (index 1)
    at Function.findAndCountAll (E:\Desktop_copy\Projects\vap\vap-be\backend\node_modules\sequelize\src\model.js:2183:27) 
    url - /vap/company-data/listed-companies 
    method - GET 
    IP - ::1
   {"timestamp":"2025-11-19T16:43:03.389Z"}
error: 
    status - 500 
    message - Error: 
    at Query.run (E:\Desktop_copy\Projects\vap\vap-be\backend\node_modules\sequelize\src\dialects\mysql\query.js:46:25)
    at E:\Desktop_copy\Projects\vap\vap-be\backend\node_modules\sequelize\src\sequelize.js:650:28
    at processTicksAndRejections (node:internal/process/task_queues:95:5)
    at MySQLQueryInterface.select (E:\Desktop_copy\Projects\vap\vap-be\backend\node_modules\sequelize\src\dialects\abstract\query-interface.js:1001:12)
    at Function.findAll (E:\Desktop_copy\Projects\vap\vap-be\backend\node_modules\sequelize\src\model.js:1824:21)
    at async Promise.all (index 1)
    at Function.findAndCountAll (E:\Desktop_copy\Projects\vap\vap-be\backend\node_modules\sequelize\src\model.js:2183:27) 
    url - /vap/company-data/listed-companies?page=1&limit=10 
    method - GET 
    IP - ::1
   {"timestamp":"2025-11-19T16:43:03.473Z"}
error: 
    status - 500 
    message - Error: 
    at Query.run (E:\Desktop_copy\Projects\vap\vap-be\backend\node_modules\sequelize\src\dialects\mysql\query.js:46:25)
    at E:\Desktop_copy\Projects\vap\vap-be\backend\node_modules\sequelize\src\sequelize.js:650:28
    at processTicksAndRejections (node:internal/process/task_queues:95:5)
    at MySQLQueryInterface.select (E:\Desktop_copy\Projects\vap\vap-be\backend\node_modules\sequelize\src\dialects\abstract\query-interface.js:1001:12)
    at Function.findAll (E:\Desktop_copy\Projects\vap\vap-be\backend\node_modules\sequelize\src\model.js:1824:21)
    at async Promise.all (index 1)
    at Function.findAndCountAll (E:\Desktop_copy\Projects\vap\vap-be\backend\node_modules\sequelize\src\model.js:2183:27) 
    url - /vap/company-data/listed-companies 
    method - GET 
    IP - ::1
   {"timestamp":"2025-11-19T17:34:30.191Z"}
error: 
    status - 500 
    message - Error: 
    at Query.run (E:\Desktop_copy\Projects\vap\vap-be\backend\node_modules\sequelize\src\dialects\mysql\query.js:46:25)
    at E:\Desktop_copy\Projects\vap\vap-be\backend\node_modules\sequelize\src\sequelize.js:650:28
    at processTicksAndRejections (node:internal/process/task_queues:95:5)
    at MySQLQueryInterface.select (E:\Desktop_copy\Projects\vap\vap-be\backend\node_modules\sequelize\src\dialects\abstract\query-interface.js:1001:12)
    at Function.findAll (E:\Desktop_copy\Projects\vap\vap-be\backend\node_modules\sequelize\src\model.js:1824:21)
    at async Promise.all (index 1)
    at Function.findAndCountAll (E:\Desktop_copy\Projects\vap\vap-be\backend\node_modules\sequelize\src\model.js:2183:27) 
    url - /vap/company-data/listed-companies?page=1&limit=10 
    method - GET 
    IP - ::1
   {"timestamp":"2025-11-19T17:34:30.221Z"}
error: 
    status - 500 
    message - Error: 
    at Query.run (E:\Desktop_copy\Projects\vap\vap-be\backend\node_modules\sequelize\src\dialects\mysql\query.js:46:25)
    at E:\Desktop_copy\Projects\vap\vap-be\backend\node_modules\sequelize\src\sequelize.js:650:28
    at processTicksAndRejections (node:internal/process/task_queues:95:5)
    at MySQLQueryInterface.select (E:\Desktop_copy\Projects\vap\vap-be\backend\node_modules\sequelize\src\dialects\abstract\query-interface.js:1001:12)
    at Function.findAll (E:\Desktop_copy\Projects\vap\vap-be\backend\node_modules\sequelize\src\model.js:1824:21)
    at async Promise.all (index 1)
    at Function.findAndCountAll (E:\Desktop_copy\Projects\vap\vap-be\backend\node_modules\sequelize\src\model.js:2183:27) 
    url - /vap/company-data/listed-companies 
    method - GET 
    IP - ::1
   {"timestamp":"2025-11-19T17:34:30.324Z"}
error: 
    status - 500 
    message - Error: 
    at Query.run (E:\Desktop_copy\Projects\vap\vap-be\backend\node_modules\sequelize\src\dialects\mysql\query.js:46:25)
    at E:\Desktop_copy\Projects\vap\vap-be\backend\node_modules\sequelize\src\sequelize.js:650:28
    at processTicksAndRejections (node:internal/process/task_queues:95:5)
    at MySQLQueryInterface.select (E:\Desktop_copy\Projects\vap\vap-be\backend\node_modules\sequelize\src\dialects\abstract\query-interface.js:1001:12)
    at Function.findAll (E:\Desktop_copy\Projects\vap\vap-be\backend\node_modules\sequelize\src\model.js:1824:21)
    at async Promise.all (index 1)
    at Function.findAndCountAll (E:\Desktop_copy\Projects\vap\vap-be\backend\node_modules\sequelize\src\model.js:2183:27) 
    url - /vap/company-data/listed-companies?page=1&limit=10 
    method - GET 
    IP - ::1
   {"timestamp":"2025-11-19T17:34:30.371Z"}
error: 
    status - 500 
    message - Error: 
    at Query.run (E:\Desktop_copy\Projects\vap\vap-be\backend\node_modules\sequelize\src\dialects\mysql\query.js:46:25)
    at E:\Desktop_copy\Projects\vap\vap-be\backend\node_modules\sequelize\src\sequelize.js:650:28
    at processTicksAndRejections (node:internal/process/task_queues:95:5)
    at MySQLQueryInterface.select (E:\Desktop_copy\Projects\vap\vap-be\backend\node_modules\sequelize\src\dialects\abstract\query-interface.js:1001:12)
    at Function.findAll (E:\Desktop_copy\Projects\vap\vap-be\backend\node_modules\sequelize\src\model.js:1824:21)
    at async Promise.all (index 1)
    at Function.findAndCountAll (E:\Desktop_copy\Projects\vap\vap-be\backend\node_modules\sequelize\src\model.js:2183:27) 
    url - /vap/company-data/listed-companies 
    method - GET 
    IP - ::1
   {"timestamp":"2025-11-19T17:38:52.550Z"}
error: 
    status - 500 
    message - Error: 
    at Query.run (E:\Desktop_copy\Projects\vap\vap-be\backend\node_modules\sequelize\src\dialects\mysql\query.js:46:25)
    at E:\Desktop_copy\Projects\vap\vap-be\backend\node_modules\sequelize\src\sequelize.js:650:28
    at processTicksAndRejections (node:internal/process/task_queues:95:5)
    at MySQLQueryInterface.select (E:\Desktop_copy\Projects\vap\vap-be\backend\node_modules\sequelize\src\dialects\abstract\query-interface.js:1001:12)
    at Function.findAll (E:\Desktop_copy\Projects\vap\vap-be\backend\node_modules\sequelize\src\model.js:1824:21)
    at async Promise.all (index 1)
    at Function.findAndCountAll (E:\Desktop_copy\Projects\vap\vap-be\backend\node_modules\sequelize\src\model.js:2183:27) 
    url - /vap/company-data/listed-companies?page=1&limit=10 
    method - GET 
    IP - ::1
   {"timestamp":"2025-11-19T17:38:52.730Z"}
info: ✅ Connected to stock_market database. {"timestamp":"2025-11-19T17:43:03.761Z"}
info: ✅ Connected to stock_market database. {"timestamp":"2025-11-19T17:43:03.761Z"}
info: ✅ stock_market database synced. {"timestamp":"2025-11-19T17:43:03.887Z"}
info: ✅ stock_market database synced. {"timestamp":"2025-11-19T17:43:03.889Z"}
info: ✅ Connected to bhavcopy database. {"timestamp":"2025-11-19T17:43:03.906Z"}
info: ✅ Connected to bhavcopy database. {"timestamp":"2025-11-19T17:43:03.917Z"}
info: ✅ bhavcopy database synced. {"timestamp":"2025-11-19T17:43:04.014Z"}
info: ✅ bhavcopy database synced. {"timestamp":"2025-11-19T17:43:04.014Z"}
info: ✅ Connected to screener_data database. {"timestamp":"2025-11-19T17:43:04.030Z"}
info: ✅ Connected to screener_data database. {"timestamp":"2025-11-19T17:43:04.032Z"}
info: ✅ screener_data database synced. {"timestamp":"2025-11-19T17:43:04.116Z"}
info: ✅ screener_data database synced. {"timestamp":"2025-11-19T17:43:04.116Z"}
info: ✅ Connected to third_db database. {"timestamp":"2025-11-19T17:43:04.133Z"}
info: ✅ Connected to third_db database. {"timestamp":"2025-11-19T17:43:04.133Z"}
info: ✅ third_db database synced. {"timestamp":"2025-11-19T17:43:04.156Z"}
info: ✅ third_db database synced. {"timestamp":"2025-11-19T17:43:04.164Z"}
info: ✅ Connected to ipo_data_fastapi database. {"timestamp":"2025-11-19T17:43:04.186Z"}
info: ✅ Connected to ipo_data_fastapi database. {"timestamp":"2025-11-19T17:43:04.199Z"}
info: ✅ ipo_data_fastapi database synced. {"timestamp":"2025-11-19T17:43:04.215Z"}
info: ✅ ipo_data_fastapi database synced. {"timestamp":"2025-11-19T17:43:04.216Z"}
info: ✅ Connected to bse_data database. {"timestamp":"2025-11-19T17:43:04.247Z"}
info: ✅ Connected to bse_data database. {"timestamp":"2025-11-19T17:43:04.248Z"}
info: ✅ bse_data database synced. {"timestamp":"2025-11-19T17:43:04.318Z"}
info: 🚀 Server running on http://localhost:8000/vap/ {"timestamp":"2025-11-19T17:43:04.396Z"}
info: ✅ bse_data database synced. {"timestamp":"2025-11-19T17:43:04.493Z"}
error: 
    status - 500 
    message - Error: 
    at Query.run (E:\Desktop_copy\Projects\vap\vap-be\backend\node_modules\sequelize\src\dialects\mysql\query.js:46:25)
    at E:\Desktop_copy\Projects\vap\vap-be\backend\node_modules\sequelize\src\sequelize.js:650:28
    at processTicksAndRejections (node:internal/process/task_queues:95:5)
    at MySQLQueryInterface.select (E:\Desktop_copy\Projects\vap\vap-be\backend\node_modules\sequelize\src\dialects\abstract\query-interface.js:1001:12)
    at Function.findAll (E:\Desktop_copy\Projects\vap\vap-be\backend\node_modules\sequelize\src\model.js:1824:21)
    at async Promise.all (index 1)
    at Function.findAndCountAll (E:\Desktop_copy\Projects\vap\vap-be\backend\node_modules\sequelize\src\model.js:2183:27) 
    url - /vap/company-data/failed-symbols 
    method - GET 
    IP - ::1
   {"timestamp":"2025-11-19T18:07:19.094Z"}
error: 
    status - 500 
    message - Error: 
    at Query.run (E:\Desktop_copy\Projects\vap\vap-be\backend\node_modules\sequelize\src\dialects\mysql\query.js:46:25)
    at E:\Desktop_copy\Projects\vap\vap-be\backend\node_modules\sequelize\src\sequelize.js:650:28
    at processTicksAndRejections (node:internal/process/task_queues:95:5)
    at MySQLQueryInterface.select (E:\Desktop_copy\Projects\vap\vap-be\backend\node_modules\sequelize\src\dialects\abstract\query-interface.js:1001:12)
    at Function.findAll (E:\Desktop_copy\Projects\vap\vap-be\backend\node_modules\sequelize\src\model.js:1824:21)
    at async Promise.all (index 1)
    at Function.findAndCountAll (E:\Desktop_copy\Projects\vap\vap-be\backend\node_modules\sequelize\src\model.js:2183:27) 
    url - /vap/company-data/failed-symbols 
    method - GET 
    IP - ::1
   {"timestamp":"2025-11-19T18:07:19.155Z"}
