info: ✅ Connected to stock_market database. {"timestamp":"2025-11-12T07:25:34.791Z"}
info: ✅ stock_market database synced. {"timestamp":"2025-11-12T07:25:34.975Z"}
info: ✅ Connected to bhavcopy database. {"timestamp":"2025-11-12T07:25:34.990Z"}
info: ✅ bhavcopy database synced. {"timestamp":"2025-11-12T07:25:35.091Z"}
info: ✅ Connected to screener_data database. {"timestamp":"2025-11-12T07:25:35.118Z"}
info: ✅ screener_data database synced. {"timestamp":"2025-11-12T07:25:35.223Z"}
info: ✅ Connected to third_db database. {"timestamp":"2025-11-12T07:25:35.241Z"}
info: ✅ third_db database synced. {"timestamp":"2025-11-12T07:25:35.278Z"}
info: 🚀 Server running on http://localhost:8000/vap/ {"timestamp":"2025-11-12T07:25:35.292Z"}
info: ✅ Connected to stock_market database. {"timestamp":"2025-11-12T07:28:38.011Z"}
info: ✅ stock_market database synced. {"timestamp":"2025-11-12T07:28:38.061Z"}
info: ✅ Connected to bhavcopy database. {"timestamp":"2025-11-12T07:28:38.074Z"}
info: ✅ bhavcopy database synced. {"timestamp":"2025-11-12T07:28:38.163Z"}
info: ✅ Connected to screener_data database. {"timestamp":"2025-11-12T07:28:38.176Z"}
info: ✅ screener_data database synced. {"timestamp":"2025-11-12T07:28:38.257Z"}
info: ✅ Connected to third_db database. {"timestamp":"2025-11-12T07:28:38.271Z"}
info: ✅ third_db database synced. {"timestamp":"2025-11-12T07:28:38.289Z"}
info: 🚀 Server running on http://localhost:8000/vap/ {"timestamp":"2025-11-12T07:28:38.298Z"}
info: ✅ Connected to stock_market database. {"timestamp":"2025-11-12T07:40:38.658Z"}
info: ✅ stock_market database synced. {"timestamp":"2025-11-12T07:40:38.736Z"}
info: ✅ Connected to bhavcopy database. {"timestamp":"2025-11-12T07:40:38.763Z"}
info: ✅ bhavcopy database synced. {"timestamp":"2025-11-12T07:40:38.920Z"}
info: ✅ Connected to screener_data database. {"timestamp":"2025-11-12T07:40:38.936Z"}
info: ✅ screener_data database synced. {"timestamp":"2025-11-12T07:40:39.023Z"}
info: ✅ Connected to third_db database. {"timestamp":"2025-11-12T07:40:39.039Z"}
info: ✅ third_db database synced. {"timestamp":"2025-11-12T07:40:39.060Z"}
info: 🚀 Server running on http://localhost:8000/vap/ {"timestamp":"2025-11-12T07:40:39.090Z"}
info: ✅ Connected to stock_market database. {"timestamp":"2025-11-12T07:44:50.633Z"}
info: ✅ stock_market database synced. {"timestamp":"2025-11-12T07:44:50.673Z"}
info: ✅ Connected to bhavcopy database. {"timestamp":"2025-11-12T07:44:50.690Z"}
info: ✅ bhavcopy database synced. {"timestamp":"2025-11-12T07:44:50.765Z"}
info: ✅ Connected to screener_data database. {"timestamp":"2025-11-12T07:44:50.775Z"}
info: ✅ screener_data database synced. {"timestamp":"2025-11-12T07:44:50.831Z"}
info: ✅ Connected to third_db database. {"timestamp":"2025-11-12T07:44:50.842Z"}
info: ✅ third_db database synced. {"timestamp":"2025-11-12T07:44:50.851Z"}
info: 🚀 Server running on http://localhost:8000/vap/ {"timestamp":"2025-11-12T07:44:50.858Z"}
info: ✅ Connected to stock_market database. {"timestamp":"2025-11-12T07:45:06.213Z"}
info: ✅ stock_market database synced. {"timestamp":"2025-11-12T07:45:06.254Z"}
info: ✅ Connected to bhavcopy database. {"timestamp":"2025-11-12T07:45:06.267Z"}
info: ✅ bhavcopy database synced. {"timestamp":"2025-11-12T07:45:06.344Z"}
info: ✅ Connected to screener_data database. {"timestamp":"2025-11-12T07:45:06.457Z"}
info: ✅ screener_data database synced. {"timestamp":"2025-11-12T07:45:06.592Z"}
info: ✅ Connected to third_db database. {"timestamp":"2025-11-12T07:45:06.678Z"}
info: ✅ third_db database synced. {"timestamp":"2025-11-12T07:45:06.711Z"}
info: 🚀 Server running on http://localhost:8000/vap/ {"timestamp":"2025-11-12T07:45:06.728Z"}
info: ✅ Connected to stock_market database. {"timestamp":"2025-11-12T07:45:32.266Z"}
info: ✅ stock_market database synced. {"timestamp":"2025-11-12T07:45:32.306Z"}
info: ✅ Connected to bhavcopy database. {"timestamp":"2025-11-12T07:45:32.320Z"}
info: ✅ bhavcopy database synced. {"timestamp":"2025-11-12T07:45:32.385Z"}
info: ✅ Connected to screener_data database. {"timestamp":"2025-11-12T07:45:32.394Z"}
info: ✅ screener_data database synced. {"timestamp":"2025-11-12T07:45:32.447Z"}
info: ✅ Connected to third_db database. {"timestamp":"2025-11-12T07:45:32.459Z"}
info: ✅ third_db database synced. {"timestamp":"2025-11-12T07:45:32.468Z"}
info: 🚀 Server running on http://localhost:8000/vap/ {"timestamp":"2025-11-12T07:45:32.475Z"}
info: ✅ Connected to stock_market database. {"timestamp":"2025-11-12T07:46:47.113Z"}
info: ✅ stock_market database synced. {"timestamp":"2025-11-12T07:46:47.153Z"}
info: ✅ Connected to bhavcopy database. {"timestamp":"2025-11-12T07:46:47.170Z"}
info: ✅ bhavcopy database synced. {"timestamp":"2025-11-12T07:46:47.235Z"}
info: ✅ Connected to screener_data database. {"timestamp":"2025-11-12T07:46:47.247Z"}
info: ✅ screener_data database synced. {"timestamp":"2025-11-12T07:46:47.300Z"}
info: ✅ Connected to third_db database. {"timestamp":"2025-11-12T07:46:47.312Z"}
info: ✅ third_db database synced. {"timestamp":"2025-11-12T07:46:47.321Z"}
info: 🚀 Server running on http://localhost:8000/vap/ {"timestamp":"2025-11-12T07:46:47.331Z"}
info: ✅ Connected to stock_market database. {"timestamp":"2025-11-12T08:01:43.592Z"}
info: ✅ stock_market database synced. {"timestamp":"2025-11-12T08:01:43.748Z"}
info: ✅ Connected to bhavcopy database. {"timestamp":"2025-11-12T08:01:43.797Z"}
info: ✅ bhavcopy database synced. {"timestamp":"2025-11-12T08:01:43.925Z"}
info: ✅ Connected to screener_data database. {"timestamp":"2025-11-12T08:01:43.962Z"}
info: ✅ screener_data database synced. {"timestamp":"2025-11-12T08:01:44.095Z"}
info: ✅ Connected to third_db database. {"timestamp":"2025-11-12T08:01:44.159Z"}
info: ✅ third_db database synced. {"timestamp":"2025-11-12T08:01:44.283Z"}
info: 🚀 Server running on http://localhost:8000/vap/ {"timestamp":"2025-11-12T08:01:44.421Z"}
info: ✅ Connected to stock_market database. {"timestamp":"2025-11-12T08:02:14.862Z"}
info: ✅ stock_market database synced. {"timestamp":"2025-11-12T08:02:14.914Z"}
info: ✅ Connected to bhavcopy database. {"timestamp":"2025-11-12T08:02:14.930Z"}
info: ✅ bhavcopy database synced. {"timestamp":"2025-11-12T08:02:15.010Z"}
info: ✅ Connected to screener_data database. {"timestamp":"2025-11-12T08:02:15.030Z"}
info: ✅ screener_data database synced. {"timestamp":"2025-11-12T08:02:15.103Z"}
info: ✅ Connected to third_db database. {"timestamp":"2025-11-12T08:02:15.115Z"}
info: ✅ third_db database synced. {"timestamp":"2025-11-12T08:02:15.136Z"}
info: 🚀 Server running on http://localhost:8000/vap/ {"timestamp":"2025-11-12T08:02:15.148Z"}
info: ✅ Connected to stock_market database. {"timestamp":"2025-11-12T08:06:49.801Z"}
info: ✅ stock_market database synced. {"timestamp":"2025-11-12T08:06:49.971Z"}
info: ✅ Connected to bhavcopy database. {"timestamp":"2025-11-12T08:06:49.998Z"}
info: ✅ bhavcopy database synced. {"timestamp":"2025-11-12T08:06:50.144Z"}
info: ✅ Connected to screener_data database. {"timestamp":"2025-11-12T08:06:50.232Z"}
info: ✅ screener_data database synced. {"timestamp":"2025-11-12T08:06:50.313Z"}
info: ✅ Connected to third_db database. {"timestamp":"2025-11-12T08:06:50.342Z"}
info: ✅ third_db database synced. {"timestamp":"2025-11-12T08:06:50.359Z"}
info: 🚀 Server running on http://localhost:8000/vap/ {"timestamp":"2025-11-12T08:06:50.372Z"}
info: ✅ Connected to stock_market database. {"timestamp":"2025-11-12T08:06:56.336Z"}
info: ✅ stock_market database synced. {"timestamp":"2025-11-12T08:06:56.396Z"}
info: ✅ Connected to bhavcopy database. {"timestamp":"2025-11-12T08:06:56.417Z"}
info: ✅ bhavcopy database synced. {"timestamp":"2025-11-12T08:06:56.503Z"}
info: ✅ Connected to screener_data database. {"timestamp":"2025-11-12T08:06:56.519Z"}
info: ✅ screener_data database synced. {"timestamp":"2025-11-12T08:06:56.585Z"}
info: ✅ Connected to third_db database. {"timestamp":"2025-11-12T08:06:56.599Z"}
info: ✅ third_db database synced. {"timestamp":"2025-11-12T08:06:56.610Z"}
info: 🚀 Server running on http://localhost:8000/vap/ {"timestamp":"2025-11-12T08:06:56.616Z"}
info: ✅ Connected to stock_market database. {"timestamp":"2025-11-12T08:07:29.129Z"}
info: ✅ stock_market database synced. {"timestamp":"2025-11-12T08:07:29.170Z"}
info: ✅ Connected to bhavcopy database. {"timestamp":"2025-11-12T08:07:29.193Z"}
info: ✅ bhavcopy database synced. {"timestamp":"2025-11-12T08:07:29.268Z"}
info: ✅ Connected to screener_data database. {"timestamp":"2025-11-12T08:07:29.284Z"}
info: ✅ screener_data database synced. {"timestamp":"2025-11-12T08:07:29.343Z"}
info: ✅ Connected to third_db database. {"timestamp":"2025-11-12T08:07:29.354Z"}
info: ✅ third_db database synced. {"timestamp":"2025-11-12T08:07:29.366Z"}
info: 🚀 Server running on http://localhost:8000/vap/ {"timestamp":"2025-11-12T08:07:29.375Z"}
info: ✅ Connected to stock_market database. {"timestamp":"2025-11-12T08:08:09.156Z"}
info: ✅ stock_market database synced. {"timestamp":"2025-11-12T08:08:09.197Z"}
info: ✅ Connected to bhavcopy database. {"timestamp":"2025-11-12T08:08:09.214Z"}
info: ✅ bhavcopy database synced. {"timestamp":"2025-11-12T08:08:09.289Z"}
info: ✅ Connected to screener_data database. {"timestamp":"2025-11-12T08:08:09.302Z"}
info: ✅ screener_data database synced. {"timestamp":"2025-11-12T08:08:09.368Z"}
info: ✅ Connected to third_db database. {"timestamp":"2025-11-12T08:08:09.388Z"}
info: ✅ third_db database synced. {"timestamp":"2025-11-12T08:08:09.404Z"}
info: 🚀 Server running on http://localhost:8000/vap/ {"timestamp":"2025-11-12T08:08:09.414Z"}
info: ✅ Connected to stock_market database. {"timestamp":"2025-11-12T08:11:18.187Z"}
info: ✅ stock_market database synced. {"timestamp":"2025-11-12T08:11:18.226Z"}
info: ✅ Connected to bhavcopy database. {"timestamp":"2025-11-12T08:11:18.243Z"}
info: ✅ bhavcopy database synced. {"timestamp":"2025-11-12T08:11:18.306Z"}
info: ✅ Connected to screener_data database. {"timestamp":"2025-11-12T08:11:18.320Z"}
info: ✅ screener_data database synced. {"timestamp":"2025-11-12T08:11:18.396Z"}
info: ✅ Connected to third_db database. {"timestamp":"2025-11-12T08:11:18.414Z"}
info: ✅ third_db database synced. {"timestamp":"2025-11-12T08:11:18.422Z"}
info: 🚀 Server running on http://localhost:8000/vap/ {"timestamp":"2025-11-12T08:11:18.431Z"}
info: ✅ Connected to stock_market database. {"timestamp":"2025-11-12T08:12:27.105Z"}
info: ✅ stock_market database synced. {"timestamp":"2025-11-12T08:12:27.162Z"}
info: ✅ Connected to bhavcopy database. {"timestamp":"2025-11-12T08:12:27.194Z"}
info: ✅ bhavcopy database synced. {"timestamp":"2025-11-12T08:12:27.353Z"}
info: ✅ Connected to screener_data database. {"timestamp":"2025-11-12T08:12:27.389Z"}
info: ✅ screener_data database synced. {"timestamp":"2025-11-12T08:12:27.471Z"}
info: ✅ Connected to third_db database. {"timestamp":"2025-11-12T08:12:27.515Z"}
info: ✅ third_db database synced. {"timestamp":"2025-11-12T08:12:27.544Z"}
info: ✅ Connected to stock_market database. {"timestamp":"2025-11-12T08:13:22.730Z"}
info: ✅ stock_market database synced. {"timestamp":"2025-11-12T08:13:22.777Z"}
info: ✅ Connected to bhavcopy database. {"timestamp":"2025-11-12T08:13:22.792Z"}
info: ✅ bhavcopy database synced. {"timestamp":"2025-11-12T08:13:22.857Z"}
info: ✅ Connected to screener_data database. {"timestamp":"2025-11-12T08:13:22.872Z"}
info: ✅ screener_data database synced. {"timestamp":"2025-11-12T08:13:22.923Z"}
info: ✅ Connected to third_db database. {"timestamp":"2025-11-12T08:13:22.935Z"}
info: ✅ third_db database synced. {"timestamp":"2025-11-12T08:13:22.944Z"}
info: ✅ Connected to stock_market database. {"timestamp":"2025-11-12T08:13:41.728Z"}
info: ✅ stock_market database synced. {"timestamp":"2025-11-12T08:13:41.774Z"}
info: ✅ Connected to bhavcopy database. {"timestamp":"2025-11-12T08:13:41.785Z"}
info: ✅ bhavcopy database synced. {"timestamp":"2025-11-12T08:13:41.848Z"}
info: ✅ Connected to screener_data database. {"timestamp":"2025-11-12T08:13:41.862Z"}
info: ✅ screener_data database synced. {"timestamp":"2025-11-12T08:13:41.922Z"}
info: ✅ Connected to third_db database. {"timestamp":"2025-11-12T08:13:41.935Z"}
info: ✅ third_db database synced. {"timestamp":"2025-11-12T08:13:41.944Z"}
info: ✅ Connected to stock_market database. {"timestamp":"2025-11-12T08:16:44.544Z"}
info: ✅ stock_market database synced. {"timestamp":"2025-11-12T08:16:44.599Z"}
info: ✅ Connected to bhavcopy database. {"timestamp":"2025-11-12T08:16:44.616Z"}
info: ✅ bhavcopy database synced. {"timestamp":"2025-11-12T08:16:44.706Z"}
info: ✅ Connected to screener_data database. {"timestamp":"2025-11-12T08:16:44.722Z"}
info: ✅ screener_data database synced. {"timestamp":"2025-11-12T08:16:44.791Z"}
info: ✅ Connected to third_db database. {"timestamp":"2025-11-12T08:16:44.806Z"}
info: ✅ third_db database synced. {"timestamp":"2025-11-12T08:16:44.817Z"}
info: ✅ Connected to stock_market database. {"timestamp":"2025-11-12T08:18:20.587Z"}
info: ✅ stock_market database synced. {"timestamp":"2025-11-12T08:18:20.693Z"}
info: ✅ Connected to bhavcopy database. {"timestamp":"2025-11-12T08:18:20.716Z"}
info: ✅ bhavcopy database synced. {"timestamp":"2025-11-12T08:18:20.807Z"}
info: ✅ Connected to screener_data database. {"timestamp":"2025-11-12T08:18:20.832Z"}
info: ✅ screener_data database synced. {"timestamp":"2025-11-12T08:18:20.919Z"}
info: ✅ Connected to third_db database. {"timestamp":"2025-11-12T08:18:20.945Z"}
info: ✅ third_db database synced. {"timestamp":"2025-11-12T08:18:20.963Z"}
info: ✅ Connected to stock_market database. {"timestamp":"2025-11-12T08:25:55.168Z"}
info: ✅ stock_market database synced. {"timestamp":"2025-11-12T08:25:55.224Z"}
info: ✅ Connected to bhavcopy database. {"timestamp":"2025-11-12T08:25:55.243Z"}
info: ✅ bhavcopy database synced. {"timestamp":"2025-11-12T08:25:55.325Z"}
info: ✅ Connected to screener_data database. {"timestamp":"2025-11-12T08:25:55.343Z"}
info: ✅ screener_data database synced. {"timestamp":"2025-11-12T08:25:55.432Z"}
info: ✅ Connected to third_db database. {"timestamp":"2025-11-12T08:25:55.456Z"}
info: ✅ third_db database synced. {"timestamp":"2025-11-12T08:25:55.468Z"}
error: ❌ Database connection or sync failed: Access denied for user ''@'localhost' (using password: YES) {"name":"SequelizeAccessDeniedError","original":{"code":"ER_ACCESS_DENIED_ERROR","errno":1045,"sqlMessage":"Access denied for user ''@'localhost' (using password: YES)","sqlState":"28000"},"parent":{"code":"ER_ACCESS_DENIED_ERROR","errno":1045,"sqlMessage":"Access denied for user ''@'localhost' (using password: YES)","sqlState":"28000"},"stack":"SequelizeAccessDeniedError: Access denied for user ''@'localhost' (using password: YES)\n    at ConnectionManager.connect (E:\\Desktop_copy\\Projects\\vap\\vap-be\\backend\\node_modules\\sequelize\\src\\dialects\\mysql\\connection-manager.js:118:17)\n    at processTicksAndRejections (node:internal/process/task_queues:95:5)\n    at ConnectionManager._connect (E:\\Desktop_copy\\Projects\\vap\\vap-be\\backend\\node_modules\\sequelize\\src\\dialects\\abstract\\connection-manager.js:332:24)\n    at E:\\Desktop_copy\\Projects\\vap\\vap-be\\backend\\node_modules\\sequelize\\src\\dialects\\abstract\\connection-manager.js:250:32\n    at ConnectionManager.getConnection (E:\\Desktop_copy\\Projects\\vap\\vap-be\\backend\\node_modules\\sequelize\\src\\dialects\\abstract\\connection-manager.js:280:7)\n    at E:\\Desktop_copy\\Projects\\vap\\vap-be\\backend\\node_modules\\sequelize\\src\\sequelize.js:638:26\n    at Sequelize.authenticate (E:\\Desktop_copy\\Projects\\vap\\vap-be\\backend\\node_modules\\sequelize\\src\\sequelize.js:972:5)","timestamp":"2025-11-12T08:25:55.662Z"}
info: ✅ Connected to stock_market database. {"timestamp":"2025-11-12T08:30:13.680Z"}
info: ✅ stock_market database synced. {"timestamp":"2025-11-12T08:30:13.750Z"}
info: ✅ Connected to bhavcopy database. {"timestamp":"2025-11-12T08:30:13.765Z"}
info: ✅ bhavcopy database synced. {"timestamp":"2025-11-12T08:30:13.862Z"}
info: ✅ Connected to screener_data database. {"timestamp":"2025-11-12T08:30:13.875Z"}
info: ✅ screener_data database synced. {"timestamp":"2025-11-12T08:30:13.928Z"}
info: ✅ Connected to third_db database. {"timestamp":"2025-11-12T08:30:13.940Z"}
info: ✅ third_db database synced. {"timestamp":"2025-11-12T08:30:13.962Z"}
info: ✅ Connected to ipo_data_fastapi database. {"timestamp":"2025-11-12T08:30:13.979Z"}
info: ✅ ipo_data_fastapi database synced. {"timestamp":"2025-11-12T08:30:14.205Z"}
info: 🚀 Server running on http://localhost:8000/vap/ {"timestamp":"2025-11-12T08:30:14.212Z"}
error: 
    status - 500 
    message - TypeError: Cannot read properties of undefined (reading 'mainboard_data')
    at _callee$ (E:\Desktop_copy\Projects\vap\vap-be\backend\src\services\/ipoService.js:8:19)
    at s (E:\Desktop_copy\Projects\vap\vap-be\backend\node_modules\@babel\runtime\helpers\regeneratorRuntime.js:75:16)
    at Generator.<anonymous> (E:\Desktop_copy\Projects\vap\vap-be\backend\node_modules\@babel\runtime\helpers\regeneratorRuntime.js:58:19)
    at Generator.next (E:\Desktop_copy\Projects\vap\vap-be\backend\node_modules\@babel\runtime\helpers\regeneratorRuntime.js:100:21)
    at asyncGeneratorStep (E:\Desktop_copy\Projects\vap\vap-be\backend\node_modules\@babel\runtime\helpers\asyncToGenerator.js:3:17)
    at _next (E:\Desktop_copy\Projects\vap\vap-be\backend\node_modules\@babel\runtime\helpers\asyncToGenerator.js:17:9)
    at E:\Desktop_copy\Projects\vap\vap-be\backend\node_modules\@babel\runtime\helpers\asyncToGenerator.js:22:7
    at new Promise (<anonymous>)
    at apply (E:\Desktop_copy\Projects\vap\vap-be\backend\node_modules\@babel\runtime\helpers\asyncToGenerator.js:14:12)
    at getPaginatedIpoData (E:\Desktop_copy\Projects\vap\vap-be\backend\src\services\/ipoService.js:4:33)
    at _callee$ (E:\Desktop_copy\Projects\vap\vap-be\backend\src\controllers\/ipoController.js:9:43)
    at s (E:\Desktop_copy\Projects\vap\vap-be\backend\node_modules\@babel\runtime\helpers\regeneratorRuntime.js:75:16)
    at Generator.<anonymous> (E:\Desktop_copy\Projects\vap\vap-be\backend\node_modules\@babel\runtime\helpers\regeneratorRuntime.js:58:19)
    at Generator.next (E:\Desktop_copy\Projects\vap\vap-be\backend\node_modules\@babel\runtime\helpers\regeneratorRuntime.js:100:21)
    at asyncGeneratorStep (E:\Desktop_copy\Projects\vap\vap-be\backend\node_modules\@babel\runtime\helpers\asyncToGenerator.js:3:17)
    at _next (E:\Desktop_copy\Projects\vap\vap-be\backend\node_modules\@babel\runtime\helpers\asyncToGenerator.js:17:9)
    at E:\Desktop_copy\Projects\vap\vap-be\backend\node_modules\@babel\runtime\helpers\asyncToGenerator.js:22:7
    at new Promise (<anonymous>)
    at apply (E:\Desktop_copy\Projects\vap\vap-be\backend\node_modules\@babel\runtime\helpers\asyncToGenerator.js:14:12)
    at fn (E:\Desktop_copy\Projects\vap\vap-be\backend\src\controllers\/ipoController.js:11:2)
    at E:\Desktop_copy\Projects\vap\vap-be\backend\src\controllers\/ipoController.js:4:19
    at Layer.handle [as handle_request] (E:\Desktop_copy\Projects\vap\vap-be\backend\node_modules\express\lib\router\layer.js:95:5)
    at next (E:\Desktop_copy\Projects\vap\vap-be\backend\node_modules\express\lib\router\route.js:149:13)
    at Route.dispatch (E:\Desktop_copy\Projects\vap\vap-be\backend\node_modules\express\lib\router\route.js:119:3)
    at Layer.handle [as handle_request] (E:\Desktop_copy\Projects\vap\vap-be\backend\node_modules\express\lib\router\layer.js:95:5)
    at E:\Desktop_copy\Projects\vap\vap-be\backend\node_modules\express\lib\router\index.js:284:15
    at param (E:\Desktop_copy\Projects\vap\vap-be\backend\node_modules\express\lib\router\index.js:365:14)
    at param (E:\Desktop_copy\Projects\vap\vap-be\backend\node_modules\express\lib\router\index.js:376:14)
    at Function.process_params (E:\Desktop_copy\Projects\vap\vap-be\backend\node_modules\express\lib\router\index.js:421:3)
    at next (E:\Desktop_copy\Projects\vap\vap-be\backend\node_modules\express\lib\router\index.js:280:10)
    at Function.handle (E:\Desktop_copy\Projects\vap\vap-be\backend\node_modules\express\lib\router\index.js:175:3)
    at router (E:\Desktop_copy\Projects\vap\vap-be\backend\node_modules\express\lib\router\index.js:47:12)
    at Layer.handle [as handle_request] (E:\Desktop_copy\Projects\vap\vap-be\backend\node_modules\express\lib\router\layer.js:95:5)
    at trim_prefix (E:\Desktop_copy\Projects\vap\vap-be\backend\node_modules\express\lib\router\index.js:328:13)
    at E:\Desktop_copy\Projects\vap\vap-be\backend\node_modules\express\lib\router\index.js:286:9
    at Function.process_params (E:\Desktop_copy\Projects\vap\vap-be\backend\node_modules\express\lib\router\index.js:346:12)
    at next (E:\Desktop_copy\Projects\vap\vap-be\backend\node_modules\express\lib\router\index.js:280:10)
    at logger (E:\Desktop_copy\Projects\vap\vap-be\backend\node_modules\morgan\index.js:144:5)
    at Layer.handle [as handle_request] (E:\Desktop_copy\Projects\vap\vap-be\backend\node_modules\express\lib\router\layer.js:95:5)
    at trim_prefix (E:\Desktop_copy\Projects\vap\vap-be\backend\node_modules\express\lib\router\index.js:328:13)
    at E:\Desktop_copy\Projects\vap\vap-be\backend\node_modules\express\lib\router\index.js:286:9
    at Function.process_params (E:\Desktop_copy\Projects\vap\vap-be\backend\node_modules\express\lib\router\index.js:346:12)
    at next (E:\Desktop_copy\Projects\vap\vap-be\backend\node_modules\express\lib\router\index.js:280:10)
    at urlencodedParser (E:\Desktop_copy\Projects\vap\vap-be\backend\node_modules\body-parser\lib\types\urlencoded.js:94:7)
    at Layer.handle [as handle_request] (E:\Desktop_copy\Projects\vap\vap-be\backend\node_modules\express\lib\router\layer.js:95:5)
    at trim_prefix (E:\Desktop_copy\Projects\vap\vap-be\backend\node_modules\express\lib\router\index.js:328:13)
    at E:\Desktop_copy\Projects\vap\vap-be\backend\node_modules\express\lib\router\index.js:286:9
    at Function.process_params (E:\Desktop_copy\Projects\vap\vap-be\backend\node_modules\express\lib\router\index.js:346:12)
    at next (E:\Desktop_copy\Projects\vap\vap-be\backend\node_modules\express\lib\router\index.js:280:10)
    at jsonParser (E:\Desktop_copy\Projects\vap\vap-be\backend\node_modules\body-parser\lib\types\json.js:113:7) 
    url - /vap/ipo/mainboard 
    method - GET 
    IP - ::1
   {"timestamp":"2025-11-12T08:33:30.249Z"}
info: ✅ Connected to stock_market database. {"timestamp":"2025-11-12T08:34:31.343Z"}
info: ✅ stock_market database synced. {"timestamp":"2025-11-12T08:34:31.424Z"}
info: ✅ Connected to bhavcopy database. {"timestamp":"2025-11-12T08:34:31.443Z"}
info: ✅ bhavcopy database synced. {"timestamp":"2025-11-12T08:34:31.513Z"}
info: ✅ Connected to screener_data database. {"timestamp":"2025-11-12T08:34:31.533Z"}
info: ✅ screener_data database synced. {"timestamp":"2025-11-12T08:34:31.608Z"}
info: ✅ Connected to third_db database. {"timestamp":"2025-11-12T08:34:31.622Z"}
info: ✅ third_db database synced. {"timestamp":"2025-11-12T08:34:31.633Z"}
info: ✅ Connected to ipo_data_fastapi database. {"timestamp":"2025-11-12T08:34:31.659Z"}
info: ✅ ipo_data_fastapi database synced. {"timestamp":"2025-11-12T08:34:31.679Z"}
info: 🚀 Server running on http://localhost:8000/vap/ {"timestamp":"2025-11-12T08:34:31.715Z"}
error: 
    status - 500 
    message - TypeError: Cannot read properties of undefined (reading 'mainboard_data')
    at _callee$ (E:\Desktop_copy\Projects\vap\vap-be\backend\src\services\/ipoService.js:8:19)
    at s (E:\Desktop_copy\Projects\vap\vap-be\backend\node_modules\@babel\runtime\helpers\regeneratorRuntime.js:75:16)
    at Generator.<anonymous> (E:\Desktop_copy\Projects\vap\vap-be\backend\node_modules\@babel\runtime\helpers\regeneratorRuntime.js:58:19)
    at Generator.next (E:\Desktop_copy\Projects\vap\vap-be\backend\node_modules\@babel\runtime\helpers\regeneratorRuntime.js:100:21)
    at asyncGeneratorStep (E:\Desktop_copy\Projects\vap\vap-be\backend\node_modules\@babel\runtime\helpers\asyncToGenerator.js:3:17)
    at _next (E:\Desktop_copy\Projects\vap\vap-be\backend\node_modules\@babel\runtime\helpers\asyncToGenerator.js:17:9)
    at E:\Desktop_copy\Projects\vap\vap-be\backend\node_modules\@babel\runtime\helpers\asyncToGenerator.js:22:7
    at new Promise (<anonymous>)
    at apply (E:\Desktop_copy\Projects\vap\vap-be\backend\node_modules\@babel\runtime\helpers\asyncToGenerator.js:14:12)
    at getPaginatedIpoData (E:\Desktop_copy\Projects\vap\vap-be\backend\src\services\/ipoService.js:4:33)
    at _callee$ (E:\Desktop_copy\Projects\vap\vap-be\backend\src\controllers\/ipoController.js:10:43)
    at s (E:\Desktop_copy\Projects\vap\vap-be\backend\node_modules\@babel\runtime\helpers\regeneratorRuntime.js:75:16)
    at Generator.<anonymous> (E:\Desktop_copy\Projects\vap\vap-be\backend\node_modules\@babel\runtime\helpers\regeneratorRuntime.js:58:19)
    at Generator.next (E:\Desktop_copy\Projects\vap\vap-be\backend\node_modules\@babel\runtime\helpers\regeneratorRuntime.js:100:21)
    at asyncGeneratorStep (E:\Desktop_copy\Projects\vap\vap-be\backend\node_modules\@babel\runtime\helpers\asyncToGenerator.js:3:17)
    at _next (E:\Desktop_copy\Projects\vap\vap-be\backend\node_modules\@babel\runtime\helpers\asyncToGenerator.js:17:9)
    at E:\Desktop_copy\Projects\vap\vap-be\backend\node_modules\@babel\runtime\helpers\asyncToGenerator.js:22:7
    at new Promise (<anonymous>)
    at apply (E:\Desktop_copy\Projects\vap\vap-be\backend\node_modules\@babel\runtime\helpers\asyncToGenerator.js:14:12)
    at fn (E:\Desktop_copy\Projects\vap\vap-be\backend\src\controllers\/ipoController.js:12:2)
    at E:\Desktop_copy\Projects\vap\vap-be\backend\src\controllers\/ipoController.js:4:19
    at Layer.handle [as handle_request] (E:\Desktop_copy\Projects\vap\vap-be\backend\node_modules\express\lib\router\layer.js:95:5)
    at next (E:\Desktop_copy\Projects\vap\vap-be\backend\node_modules\express\lib\router\route.js:149:13)
    at Route.dispatch (E:\Desktop_copy\Projects\vap\vap-be\backend\node_modules\express\lib\router\route.js:119:3)
    at Layer.handle [as handle_request] (E:\Desktop_copy\Projects\vap\vap-be\backend\node_modules\express\lib\router\layer.js:95:5)
    at E:\Desktop_copy\Projects\vap\vap-be\backend\node_modules\express\lib\router\index.js:284:15
    at param (E:\Desktop_copy\Projects\vap\vap-be\backend\node_modules\express\lib\router\index.js:365:14)
    at param (E:\Desktop_copy\Projects\vap\vap-be\backend\node_modules\express\lib\router\index.js:376:14)
    at Function.process_params (E:\Desktop_copy\Projects\vap\vap-be\backend\node_modules\express\lib\router\index.js:421:3)
    at next (E:\Desktop_copy\Projects\vap\vap-be\backend\node_modules\express\lib\router\index.js:280:10)
    at Function.handle (E:\Desktop_copy\Projects\vap\vap-be\backend\node_modules\express\lib\router\index.js:175:3)
    at router (E:\Desktop_copy\Projects\vap\vap-be\backend\node_modules\express\lib\router\index.js:47:12)
    at Layer.handle [as handle_request] (E:\Desktop_copy\Projects\vap\vap-be\backend\node_modules\express\lib\router\layer.js:95:5)
    at trim_prefix (E:\Desktop_copy\Projects\vap\vap-be\backend\node_modules\express\lib\router\index.js:328:13)
    at E:\Desktop_copy\Projects\vap\vap-be\backend\node_modules\express\lib\router\index.js:286:9
    at Function.process_params (E:\Desktop_copy\Projects\vap\vap-be\backend\node_modules\express\lib\router\index.js:346:12)
    at next (E:\Desktop_copy\Projects\vap\vap-be\backend\node_modules\express\lib\router\index.js:280:10)
    at logger (E:\Desktop_copy\Projects\vap\vap-be\backend\node_modules\morgan\index.js:144:5)
    at Layer.handle [as handle_request] (E:\Desktop_copy\Projects\vap\vap-be\backend\node_modules\express\lib\router\layer.js:95:5)
    at trim_prefix (E:\Desktop_copy\Projects\vap\vap-be\backend\node_modules\express\lib\router\index.js:328:13)
    at E:\Desktop_copy\Projects\vap\vap-be\backend\node_modules\express\lib\router\index.js:286:9
    at Function.process_params (E:\Desktop_copy\Projects\vap\vap-be\backend\node_modules\express\lib\router\index.js:346:12)
    at next (E:\Desktop_copy\Projects\vap\vap-be\backend\node_modules\express\lib\router\index.js:280:10)
    at urlencodedParser (E:\Desktop_copy\Projects\vap\vap-be\backend\node_modules\body-parser\lib\types\urlencoded.js:94:7)
    at Layer.handle [as handle_request] (E:\Desktop_copy\Projects\vap\vap-be\backend\node_modules\express\lib\router\layer.js:95:5)
    at trim_prefix (E:\Desktop_copy\Projects\vap\vap-be\backend\node_modules\express\lib\router\index.js:328:13)
    at E:\Desktop_copy\Projects\vap\vap-be\backend\node_modules\express\lib\router\index.js:286:9
    at Function.process_params (E:\Desktop_copy\Projects\vap\vap-be\backend\node_modules\express\lib\router\index.js:346:12)
    at next (E:\Desktop_copy\Projects\vap\vap-be\backend\node_modules\express\lib\router\index.js:280:10)
    at jsonParser (E:\Desktop_copy\Projects\vap\vap-be\backend\node_modules\body-parser\lib\types\json.js:113:7) 
    url - /vap/ipo/mainboard 
    method - GET 
    IP - ::1
   {"timestamp":"2025-11-12T08:34:44.324Z"}
info: ✅ Connected to stock_market database. {"timestamp":"2025-11-12T08:43:37.809Z"}
info: ✅ stock_market database synced. {"timestamp":"2025-11-12T08:43:37.855Z"}
info: ✅ Connected to bhavcopy database. {"timestamp":"2025-11-12T08:43:37.873Z"}
info: ✅ bhavcopy database synced. {"timestamp":"2025-11-12T08:43:37.940Z"}
info: ✅ Connected to screener_data database. {"timestamp":"2025-11-12T08:43:37.954Z"}
info: ✅ screener_data database synced. {"timestamp":"2025-11-12T08:43:38.007Z"}
info: ✅ Connected to third_db database. {"timestamp":"2025-11-12T08:43:38.021Z"}
info: ✅ third_db database synced. {"timestamp":"2025-11-12T08:43:38.032Z"}
info: ✅ Connected to ipo_data_fastapi database. {"timestamp":"2025-11-12T08:43:38.047Z"}
info: ✅ ipo_data_fastapi database synced. {"timestamp":"2025-11-12T08:43:38.063Z"}
info: 🚀 Server running on http://localhost:8000/vap/ {"timestamp":"2025-11-12T08:43:38.068Z"}
info: ✅ Connected to stock_market database. {"timestamp":"2025-11-12T08:44:44.412Z"}
info: ✅ stock_market database synced. {"timestamp":"2025-11-12T08:44:44.450Z"}
info: ✅ Connected to bhavcopy database. {"timestamp":"2025-11-12T08:44:44.465Z"}
info: ✅ bhavcopy database synced. {"timestamp":"2025-11-12T08:44:44.534Z"}
info: ✅ Connected to screener_data database. {"timestamp":"2025-11-12T08:44:44.548Z"}
info: ✅ screener_data database synced. {"timestamp":"2025-11-12T08:44:44.623Z"}
info: ✅ Connected to third_db database. {"timestamp":"2025-11-12T08:44:44.739Z"}
info: ✅ third_db database synced. {"timestamp":"2025-11-12T08:44:44.747Z"}
info: ✅ Connected to ipo_data_fastapi database. {"timestamp":"2025-11-12T08:44:44.764Z"}
info: ✅ ipo_data_fastapi database synced. {"timestamp":"2025-11-12T08:44:44.780Z"}
info: 🚀 Server running on http://localhost:8000/vap/ {"timestamp":"2025-11-12T08:44:44.785Z"}
info: ✅ Connected to stock_market database. {"timestamp":"2025-11-12T08:45:23.647Z"}
info: ✅ stock_market database synced. {"timestamp":"2025-11-12T08:45:23.688Z"}
info: ✅ Connected to bhavcopy database. {"timestamp":"2025-11-12T08:45:23.704Z"}
info: ✅ bhavcopy database synced. {"timestamp":"2025-11-12T08:45:23.775Z"}
info: ✅ Connected to screener_data database. {"timestamp":"2025-11-12T08:45:23.824Z"}
info: ✅ screener_data database synced. {"timestamp":"2025-11-12T08:45:23.903Z"}
info: ✅ Connected to third_db database. {"timestamp":"2025-11-12T08:45:23.926Z"}
info: ✅ third_db database synced. {"timestamp":"2025-11-12T08:45:23.937Z"}
info: ✅ Connected to ipo_data_fastapi database. {"timestamp":"2025-11-12T08:45:23.966Z"}
info: ✅ ipo_data_fastapi database synced. {"timestamp":"2025-11-12T08:45:23.991Z"}
info: 🚀 Server running on http://localhost:8000/vap/ {"timestamp":"2025-11-12T08:45:24.013Z"}
info: ✅ Connected to stock_market database. {"timestamp":"2025-11-12T08:47:51.142Z"}
info: ✅ stock_market database synced. {"timestamp":"2025-11-12T08:47:51.186Z"}
info: ✅ Connected to bhavcopy database. {"timestamp":"2025-11-12T08:47:51.204Z"}
info: ✅ bhavcopy database synced. {"timestamp":"2025-11-12T08:47:51.265Z"}
info: ✅ Connected to screener_data database. {"timestamp":"2025-11-12T08:47:51.278Z"}
info: ✅ screener_data database synced. {"timestamp":"2025-11-12T08:47:51.339Z"}
info: ✅ Connected to third_db database. {"timestamp":"2025-11-12T08:47:51.351Z"}
info: ✅ third_db database synced. {"timestamp":"2025-11-12T08:47:51.360Z"}
info: ✅ Connected to ipo_data_fastapi database. {"timestamp":"2025-11-12T08:47:51.385Z"}
info: ✅ ipo_data_fastapi database synced. {"timestamp":"2025-11-12T08:47:51.403Z"}
info: 🚀 Server running on http://localhost:8000/vap/ {"timestamp":"2025-11-12T08:47:51.409Z"}
info: ✅ Connected to stock_market database. {"timestamp":"2025-11-12T08:53:02.958Z"}
info: ✅ stock_market database synced. {"timestamp":"2025-11-12T08:53:03.001Z"}
info: ✅ Connected to bhavcopy database. {"timestamp":"2025-11-12T08:53:03.022Z"}
info: ✅ bhavcopy database synced. {"timestamp":"2025-11-12T08:53:03.106Z"}
info: ✅ Connected to screener_data database. {"timestamp":"2025-11-12T08:53:03.118Z"}
info: ✅ screener_data database synced. {"timestamp":"2025-11-12T08:53:03.180Z"}
info: ✅ Connected to third_db database. {"timestamp":"2025-11-12T08:53:03.193Z"}
info: ✅ third_db database synced. {"timestamp":"2025-11-12T08:53:03.201Z"}
info: ✅ Connected to ipo_data_fastapi database. {"timestamp":"2025-11-12T08:53:03.222Z"}
info: ✅ ipo_data_fastapi database synced. {"timestamp":"2025-11-12T08:53:03.261Z"}
info: 🚀 Server running on http://localhost:8000/vap/ {"timestamp":"2025-11-12T08:53:03.276Z"}
info: ✅ Connected to stock_market database. {"timestamp":"2025-11-12T08:53:27.617Z"}
info: ✅ stock_market database synced. {"timestamp":"2025-11-12T08:53:27.657Z"}
info: ✅ Connected to bhavcopy database. {"timestamp":"2025-11-12T08:53:27.672Z"}
info: ✅ bhavcopy database synced. {"timestamp":"2025-11-12T08:53:27.754Z"}
info: ✅ Connected to screener_data database. {"timestamp":"2025-11-12T08:53:27.766Z"}
info: ✅ screener_data database synced. {"timestamp":"2025-11-12T08:53:27.825Z"}
info: ✅ Connected to third_db database. {"timestamp":"2025-11-12T08:53:27.841Z"}
info: ✅ third_db database synced. {"timestamp":"2025-11-12T08:53:27.849Z"}
info: ✅ Connected to ipo_data_fastapi database. {"timestamp":"2025-11-12T08:53:27.866Z"}
info: ✅ ipo_data_fastapi database synced. {"timestamp":"2025-11-12T08:53:27.884Z"}
info: 🚀 Server running on http://localhost:8000/vap/ {"timestamp":"2025-11-12T08:53:27.894Z"}
info: ✅ Connected to stock_market database. {"timestamp":"2025-11-12T09:05:48.906Z"}
info: ✅ stock_market database synced. {"timestamp":"2025-11-12T09:05:48.964Z"}
info: ✅ Connected to bhavcopy database. {"timestamp":"2025-11-12T09:05:48.981Z"}
info: ✅ bhavcopy database synced. {"timestamp":"2025-11-12T09:05:49.049Z"}
info: ✅ Connected to screener_data database. {"timestamp":"2025-11-12T09:05:49.062Z"}
info: ✅ screener_data database synced. {"timestamp":"2025-11-12T09:05:49.129Z"}
info: ✅ Connected to third_db database. {"timestamp":"2025-11-12T09:05:49.140Z"}
info: ✅ third_db database synced. {"timestamp":"2025-11-12T09:05:49.154Z"}
info: ✅ Connected to ipo_data_fastapi database. {"timestamp":"2025-11-12T09:05:49.169Z"}
info: ✅ ipo_data_fastapi database synced. {"timestamp":"2025-11-12T09:05:49.199Z"}
info: 🚀 Server running on http://localhost:8000/vap/ {"timestamp":"2025-11-12T09:05:49.206Z"}
info: ✅ Connected to stock_market database. {"timestamp":"2025-11-12T09:14:01.020Z"}
info: ✅ stock_market database synced. {"timestamp":"2025-11-12T09:14:01.104Z"}
info: ✅ Connected to bhavcopy database. {"timestamp":"2025-11-12T09:14:01.122Z"}
info: ✅ bhavcopy database synced. {"timestamp":"2025-11-12T09:14:01.215Z"}
info: ✅ Connected to screener_data database. {"timestamp":"2025-11-12T09:14:01.234Z"}
info: ✅ screener_data database synced. {"timestamp":"2025-11-12T09:14:01.304Z"}
info: ✅ Connected to third_db database. {"timestamp":"2025-11-12T09:14:01.326Z"}
info: ✅ third_db database synced. {"timestamp":"2025-11-12T09:14:01.339Z"}
info: ✅ Connected to ipo_data_fastapi database. {"timestamp":"2025-11-12T09:14:01.357Z"}
info: ✅ ipo_data_fastapi database synced. {"timestamp":"2025-11-12T09:14:01.373Z"}
info: 🚀 Server running on http://localhost:8000/vap/ {"timestamp":"2025-11-12T09:14:01.384Z"}
info: ✅ Connected to stock_market database. {"timestamp":"2025-11-12T09:36:00.103Z"}
info: ✅ stock_market database synced. {"timestamp":"2025-11-12T09:36:00.171Z"}
info: ✅ Connected to bhavcopy database. {"timestamp":"2025-11-12T09:36:00.194Z"}
info: ✅ bhavcopy database synced. {"timestamp":"2025-11-12T09:36:00.268Z"}
info: ✅ Connected to screener_data database. {"timestamp":"2025-11-12T09:36:00.281Z"}
info: ✅ screener_data database synced. {"timestamp":"2025-11-12T09:36:00.342Z"}
info: ✅ Connected to third_db database. {"timestamp":"2025-11-12T09:36:00.355Z"}
info: ✅ third_db database synced. {"timestamp":"2025-11-12T09:36:00.366Z"}
info: ✅ Connected to ipo_data_fastapi database. {"timestamp":"2025-11-12T09:36:00.380Z"}
info: ✅ ipo_data_fastapi database synced. {"timestamp":"2025-11-12T09:36:00.406Z"}
info: 🚀 Server running on http://localhost:8000/vap/ {"timestamp":"2025-11-12T09:36:00.411Z"}
info: ✅ Connected to stock_market database. {"timestamp":"2025-11-12T12:25:28.768Z"}
info: ✅ stock_market database synced. {"timestamp":"2025-11-12T12:25:28.960Z"}
info: ✅ Connected to bhavcopy database. {"timestamp":"2025-11-12T12:25:28.990Z"}
info: ✅ bhavcopy database synced. {"timestamp":"2025-11-12T12:25:29.098Z"}
info: ✅ Connected to screener_data database. {"timestamp":"2025-11-12T12:25:29.121Z"}
info: ✅ screener_data database synced. {"timestamp":"2025-11-12T12:25:29.225Z"}
info: ✅ Connected to third_db database. {"timestamp":"2025-11-12T12:25:29.242Z"}
info: ✅ third_db database synced. {"timestamp":"2025-11-12T12:25:29.272Z"}
info: ✅ Connected to ipo_data_fastapi database. {"timestamp":"2025-11-12T12:25:29.301Z"}
info: ✅ ipo_data_fastapi database synced. {"timestamp":"2025-11-12T12:25:29.343Z"}
info: 🚀 Server running on http://localhost:8000/vap/ {"timestamp":"2025-11-12T12:25:29.354Z"}
error: 
    status - 500 
    message - Error: 
    at Query.run (E:\Desktop_copy\Projects\vap\vap-be\backend\node_modules\sequelize\src\dialects\mysql\query.js:46:25)
    at E:\Desktop_copy\Projects\vap\vap-be\backend\node_modules\sequelize\src\sequelize.js:650:28
    at processTicksAndRejections (node:internal/process/task_queues:95:5)
    at MySQLQueryInterface.select (E:\Desktop_copy\Projects\vap\vap-be\backend\node_modules\sequelize\src\dialects\abstract\query-interface.js:1001:12)
    at Function.findAll (E:\Desktop_copy\Projects\vap\vap-be\backend\node_modules\sequelize\src\model.js:1824:21)
    at async Promise.all (index 1)
    at Function.findAndCountAll (E:\Desktop_copy\Projects\vap\vap-be\backend\node_modules\sequelize\src\model.js:2183:27) 
    url - /vap/company-data/listed-companies 
    method - GET 
    IP - ::1
   {"timestamp":"2025-11-12T12:38:05.442Z"}
error: 
    status - 500 
    message - Error: 
    at Query.run (E:\Desktop_copy\Projects\vap\vap-be\backend\node_modules\sequelize\src\dialects\mysql\query.js:46:25)
    at E:\Desktop_copy\Projects\vap\vap-be\backend\node_modules\sequelize\src\sequelize.js:650:28
    at processTicksAndRejections (node:internal/process/task_queues:95:5)
    at MySQLQueryInterface.select (E:\Desktop_copy\Projects\vap\vap-be\backend\node_modules\sequelize\src\dialects\abstract\query-interface.js:1001:12)
    at Function.findAll (E:\Desktop_copy\Projects\vap\vap-be\backend\node_modules\sequelize\src\model.js:1824:21)
    at async Promise.all (index 1)
    at Function.findAndCountAll (E:\Desktop_copy\Projects\vap\vap-be\backend\node_modules\sequelize\src\model.js:2183:27) 
    url - /vap/company-data/listed-companies?page=1&limit=10 
    method - GET 
    IP - ::1
   {"timestamp":"2025-11-12T12:38:05.475Z"}
error: 
    status - 500 
    message - Error: 
    at Query.run (E:\Desktop_copy\Projects\vap\vap-be\backend\node_modules\sequelize\src\dialects\mysql\query.js:46:25)
    at E:\Desktop_copy\Projects\vap\vap-be\backend\node_modules\sequelize\src\sequelize.js:650:28
    at processTicksAndRejections (node:internal/process/task_queues:95:5)
    at MySQLQueryInterface.select (E:\Desktop_copy\Projects\vap\vap-be\backend\node_modules\sequelize\src\dialects\abstract\query-interface.js:1001:12)
    at Function.findAll (E:\Desktop_copy\Projects\vap\vap-be\backend\node_modules\sequelize\src\model.js:1824:21)
    at async Promise.all (index 1)
    at Function.findAndCountAll (E:\Desktop_copy\Projects\vap\vap-be\backend\node_modules\sequelize\src\model.js:2183:27) 
    url - /vap/company-data/listed-companies 
    method - GET 
    IP - ::1
   {"timestamp":"2025-11-12T17:35:52.514Z"}
error: 
    status - 500 
    message - Error: 
    at Query.run (E:\Desktop_copy\Projects\vap\vap-be\backend\node_modules\sequelize\src\dialects\mysql\query.js:46:25)
    at E:\Desktop_copy\Projects\vap\vap-be\backend\node_modules\sequelize\src\sequelize.js:650:28
    at processTicksAndRejections (node:internal/process/task_queues:95:5)
    at MySQLQueryInterface.select (E:\Desktop_copy\Projects\vap\vap-be\backend\node_modules\sequelize\src\dialects\abstract\query-interface.js:1001:12)
    at Function.findAll (E:\Desktop_copy\Projects\vap\vap-be\backend\node_modules\sequelize\src\model.js:1824:21)
    at async Promise.all (index 1)
    at Function.findAndCountAll (E:\Desktop_copy\Projects\vap\vap-be\backend\node_modules\sequelize\src\model.js:2183:27) 
    url - /vap/company-data/listed-companies?page=1&limit=10 
    method - GET 
    IP - ::1
   {"timestamp":"2025-11-12T17:35:52.529Z"}
error: 
    status - 500 
    message - Error: 
    at Query.run (E:\Desktop_copy\Projects\vap\vap-be\backend\node_modules\sequelize\src\dialects\mysql\query.js:46:25)
    at E:\Desktop_copy\Projects\vap\vap-be\backend\node_modules\sequelize\src\sequelize.js:650:28
    at processTicksAndRejections (node:internal/process/task_queues:95:5)
    at MySQLQueryInterface.select (E:\Desktop_copy\Projects\vap\vap-be\backend\node_modules\sequelize\src\dialects\abstract\query-interface.js:1001:12)
    at Function.findAll (E:\Desktop_copy\Projects\vap\vap-be\backend\node_modules\sequelize\src\model.js:1824:21)
    at async Promise.all (index 1)
    at Function.findAndCountAll (E:\Desktop_copy\Projects\vap\vap-be\backend\node_modules\sequelize\src\model.js:2183:27) 
    url - /vap/company-data/listed-companies?page=1&limit=10 
    method - GET 
    IP - ::1
   {"timestamp":"2025-11-12T17:35:52.640Z"}
error: 
    status - 500 
    message - Error: 
    at Query.run (E:\Desktop_copy\Projects\vap\vap-be\backend\node_modules\sequelize\src\dialects\mysql\query.js:46:25)
    at E:\Desktop_copy\Projects\vap\vap-be\backend\node_modules\sequelize\src\sequelize.js:650:28
    at processTicksAndRejections (node:internal/process/task_queues:95:5)
    at MySQLQueryInterface.select (E:\Desktop_copy\Projects\vap\vap-be\backend\node_modules\sequelize\src\dialects\abstract\query-interface.js:1001:12)
    at Function.findAll (E:\Desktop_copy\Projects\vap\vap-be\backend\node_modules\sequelize\src\model.js:1824:21)
    at async Promise.all (index 1)
    at Function.findAndCountAll (E:\Desktop_copy\Projects\vap\vap-be\backend\node_modules\sequelize\src\model.js:2183:27) 
    url - /vap/company-data/listed-companies 
    method - GET 
    IP - ::1
   {"timestamp":"2025-11-12T17:35:52.761Z"}
info: ✅ Connected to stock_market database. {"timestamp":"2025-11-12T17:48:51.901Z"}
info: ✅ stock_market database synced. {"timestamp":"2025-11-12T17:48:52.155Z"}
info: ✅ Connected to bhavcopy database. {"timestamp":"2025-11-12T17:48:52.203Z"}
info: ✅ Connected to stock_market database. {"timestamp":"2025-11-12T17:49:08.470Z"}
info: ✅ stock_market database synced. {"timestamp":"2025-11-12T17:49:08.550Z"}
info: ✅ Connected to bhavcopy database. {"timestamp":"2025-11-12T17:49:08.572Z"}
info: ✅ bhavcopy database synced. {"timestamp":"2025-11-12T17:49:08.656Z"}
info: ✅ Connected to screener_data database. {"timestamp":"2025-11-12T17:49:08.669Z"}
info: ✅ screener_data database synced. {"timestamp":"2025-11-12T17:49:08.734Z"}
info: ✅ Connected to third_db database. {"timestamp":"2025-11-12T17:49:08.748Z"}
info: ✅ third_db database synced. {"timestamp":"2025-11-12T17:49:08.768Z"}
info: ✅ Connected to ipo_data_fastapi database. {"timestamp":"2025-11-12T17:49:08.791Z"}
info: ✅ ipo_data_fastapi database synced. {"timestamp":"2025-11-12T17:49:08.821Z"}
info: 🚀 Server running on http://localhost:8000/vap/ {"timestamp":"2025-11-12T17:49:08.828Z"}
