info: ✅ Connected to stock_market database. {"timestamp":"2025-11-13T12:01:24.877Z"}
info: ✅ stock_market database synced. {"timestamp":"2025-11-13T12:01:25.021Z"}
info: ✅ Connected to bhavcopy database. {"timestamp":"2025-11-13T12:01:25.040Z"}
info: ✅ bhavcopy database synced. {"timestamp":"2025-11-13T12:01:25.152Z"}
info: ✅ Connected to screener_data database. {"timestamp":"2025-11-13T12:01:25.243Z"}
info: ✅ screener_data database synced. {"timestamp":"2025-11-13T12:01:25.401Z"}
info: ✅ Connected to third_db database. {"timestamp":"2025-11-13T12:01:25.422Z"}
info: ✅ third_db database synced. {"timestamp":"2025-11-13T12:01:25.445Z"}
info: ✅ Connected to ipo_data_fastapi database. {"timestamp":"2025-11-13T12:01:25.469Z"}
info: ✅ ipo_data_fastapi database synced. {"timestamp":"2025-11-13T12:01:25.502Z"}
info: 🚀 Server running on http://localhost:8000/vap/ {"timestamp":"2025-11-13T12:01:25.509Z"}
error: 
    status - 500 
    message - Error: 
    at Query.run (E:\Desktop_copy\Projects\vap\vap-be\backend\node_modules\sequelize\src\dialects\mysql\query.js:46:25)
    at E:\Desktop_copy\Projects\vap\vap-be\backend\node_modules\sequelize\src\sequelize.js:650:28
    at processTicksAndRejections (node:internal/process/task_queues:95:5)
    at MySQLQueryInterface.select (E:\Desktop_copy\Projects\vap\vap-be\backend\node_modules\sequelize\src\dialects\abstract\query-interface.js:1001:12)
    at Function.findAll (E:\Desktop_copy\Projects\vap\vap-be\backend\node_modules\sequelize\src\model.js:1824:21)
    at async Promise.all (index 1)
    at Function.findAndCountAll (E:\Desktop_copy\Projects\vap\vap-be\backend\node_modules\sequelize\src\model.js:2183:27) 
    url - /vap/company-data/listed-companies 
    method - GET 
    IP - ::1
   {"timestamp":"2025-11-13T12:02:36.039Z"}
error: 
    status - 500 
    message - Error: 
    at Query.run (E:\Desktop_copy\Projects\vap\vap-be\backend\node_modules\sequelize\src\dialects\mysql\query.js:46:25)
    at E:\Desktop_copy\Projects\vap\vap-be\backend\node_modules\sequelize\src\sequelize.js:650:28
    at processTicksAndRejections (node:internal/process/task_queues:95:5)
    at MySQLQueryInterface.select (E:\Desktop_copy\Projects\vap\vap-be\backend\node_modules\sequelize\src\dialects\abstract\query-interface.js:1001:12)
    at Function.findAll (E:\Desktop_copy\Projects\vap\vap-be\backend\node_modules\sequelize\src\model.js:1824:21)
    at async Promise.all (index 1)
    at Function.findAndCountAll (E:\Desktop_copy\Projects\vap\vap-be\backend\node_modules\sequelize\src\model.js:2183:27) 
    url - /vap/company-data/listed-companies?page=1&limit=10 
    method - GET 
    IP - ::1
   {"timestamp":"2025-11-13T12:02:36.076Z"}
error: 
    status - 500 
    message - Error: 
    at Query.run (E:\Desktop_copy\Projects\vap\vap-be\backend\node_modules\sequelize\src\dialects\mysql\query.js:46:25)
    at E:\Desktop_copy\Projects\vap\vap-be\backend\node_modules\sequelize\src\sequelize.js:650:28
    at processTicksAndRejections (node:internal/process/task_queues:95:5)
    at MySQLQueryInterface.select (E:\Desktop_copy\Projects\vap\vap-be\backend\node_modules\sequelize\src\dialects\abstract\query-interface.js:1001:12)
    at Function.findAll (E:\Desktop_copy\Projects\vap\vap-be\backend\node_modules\sequelize\src\model.js:1824:21)
    at async Promise.all (index 1)
    at Function.findAndCountAll (E:\Desktop_copy\Projects\vap\vap-be\backend\node_modules\sequelize\src\model.js:2183:27) 
    url - /vap/company-data/listed-companies 
    method - GET 
    IP - ::1
   {"timestamp":"2025-11-13T12:07:51.342Z"}
error: 
    status - 500 
    message - Error: 
    at Query.run (E:\Desktop_copy\Projects\vap\vap-be\backend\node_modules\sequelize\src\dialects\mysql\query.js:46:25)
    at E:\Desktop_copy\Projects\vap\vap-be\backend\node_modules\sequelize\src\sequelize.js:650:28
    at processTicksAndRejections (node:internal/process/task_queues:95:5)
    at MySQLQueryInterface.select (E:\Desktop_copy\Projects\vap\vap-be\backend\node_modules\sequelize\src\dialects\abstract\query-interface.js:1001:12)
    at Function.findAll (E:\Desktop_copy\Projects\vap\vap-be\backend\node_modules\sequelize\src\model.js:1824:21)
    at async Promise.all (index 1)
    at Function.findAndCountAll (E:\Desktop_copy\Projects\vap\vap-be\backend\node_modules\sequelize\src\model.js:2183:27) 
    url - /vap/company-data/listed-companies?page=1&limit=10 
    method - GET 
    IP - ::1
   {"timestamp":"2025-11-13T12:07:51.662Z"}
error: 
    status - 500 
    message - Error: 
    at Query.run (E:\Desktop_copy\Projects\vap\vap-be\backend\node_modules\sequelize\src\dialects\mysql\query.js:46:25)
    at E:\Desktop_copy\Projects\vap\vap-be\backend\node_modules\sequelize\src\sequelize.js:650:28
    at processTicksAndRejections (node:internal/process/task_queues:95:5)
    at MySQLQueryInterface.select (E:\Desktop_copy\Projects\vap\vap-be\backend\node_modules\sequelize\src\dialects\abstract\query-interface.js:1001:12)
    at Function.findAll (E:\Desktop_copy\Projects\vap\vap-be\backend\node_modules\sequelize\src\model.js:1824:21)
    at async Promise.all (index 1)
    at Function.findAndCountAll (E:\Desktop_copy\Projects\vap\vap-be\backend\node_modules\sequelize\src\model.js:2183:27) 
    url - /vap/company-data/listed-companies 
    method - GET 
    IP - ::1
   {"timestamp":"2025-11-13T12:14:12.750Z"}
error: 
    status - 500 
    message - Error: 
    at Query.run (E:\Desktop_copy\Projects\vap\vap-be\backend\node_modules\sequelize\src\dialects\mysql\query.js:46:25)
    at E:\Desktop_copy\Projects\vap\vap-be\backend\node_modules\sequelize\src\sequelize.js:650:28
    at processTicksAndRejections (node:internal/process/task_queues:95:5)
    at MySQLQueryInterface.select (E:\Desktop_copy\Projects\vap\vap-be\backend\node_modules\sequelize\src\dialects\abstract\query-interface.js:1001:12)
    at Function.findAll (E:\Desktop_copy\Projects\vap\vap-be\backend\node_modules\sequelize\src\model.js:1824:21)
    at async Promise.all (index 1)
    at Function.findAndCountAll (E:\Desktop_copy\Projects\vap\vap-be\backend\node_modules\sequelize\src\model.js:2183:27) 
    url - /vap/company-data/listed-companies?page=1&limit=10 
    method - GET 
    IP - ::1
   {"timestamp":"2025-11-13T12:14:12.870Z"}
error: 
    status - 500 
    message - Error: 
    at Query.run (E:\Desktop_copy\Projects\vap\vap-be\backend\node_modules\sequelize\src\dialects\mysql\query.js:46:25)
    at E:\Desktop_copy\Projects\vap\vap-be\backend\node_modules\sequelize\src\sequelize.js:650:28
    at processTicksAndRejections (node:internal/process/task_queues:95:5)
    at MySQLQueryInterface.select (E:\Desktop_copy\Projects\vap\vap-be\backend\node_modules\sequelize\src\dialects\abstract\query-interface.js:1001:12)
    at Function.findAll (E:\Desktop_copy\Projects\vap\vap-be\backend\node_modules\sequelize\src\model.js:1824:21)
    at async Promise.all (index 1)
    at Function.findAndCountAll (E:\Desktop_copy\Projects\vap\vap-be\backend\node_modules\sequelize\src\model.js:2183:27) 
    url - /vap/company-data/listed-companies 
    method - GET 
    IP - ::1
   {"timestamp":"2025-11-13T12:14:12.970Z"}
error: 
    status - 500 
    message - Error: 
    at Query.run (E:\Desktop_copy\Projects\vap\vap-be\backend\node_modules\sequelize\src\dialects\mysql\query.js:46:25)
    at E:\Desktop_copy\Projects\vap\vap-be\backend\node_modules\sequelize\src\sequelize.js:650:28
    at processTicksAndRejections (node:internal/process/task_queues:95:5)
    at MySQLQueryInterface.select (E:\Desktop_copy\Projects\vap\vap-be\backend\node_modules\sequelize\src\dialects\abstract\query-interface.js:1001:12)
    at Function.findAll (E:\Desktop_copy\Projects\vap\vap-be\backend\node_modules\sequelize\src\model.js:1824:21)
    at async Promise.all (index 1)
    at Function.findAndCountAll (E:\Desktop_copy\Projects\vap\vap-be\backend\node_modules\sequelize\src\model.js:2183:27) 
    url - /vap/company-data/listed-companies?page=1&limit=10 
    method - GET 
    IP - ::1
   {"timestamp":"2025-11-13T12:14:13.077Z"}
